# JRE version: OpenJDK Runtime Environment (8.0_121-b13) (build 1.8.0_121-b13)
# Java VM: OpenJDK 64-Bit Server VM (25.121-b13 mixed mode linux-amd64 compressed oops)
Heap:
 PSYoungGen      total 426496K, used 224K [0x00000000d7180000, 0x00000000f2b00000, 0x0000000100000000)
  eden space 402432K, 0% used [0x00000000d7180000,0x00000000d7180000,0x00000000efa80000)
  from space 24064K, 0% used [0x00000000efa80000,0x00000000efab8000,0x00000000f1200000)
  to   space 22528K, 0% used [0x00000000f1200000,0x00000000f1200000,0x00000000f2800000)
 ParOldGen       total 84992K, used 64633K [0x0000000085400000, 0x000000008a700000, 0x00000000d7180000)
  object space 84992K, 76% used [0x0000000085400000,0x000000008931e768,0x000000008a700000)
 Metaspace       used 12412K, capacity 12696K, committed 12800K, reserved 1060864K
  class space    used 1468K, capacity 1530K, committed 1536K, reserved 1048576K
GC Heap History (10 events):
Event: 1.091 GC heap after
Heap after GC invocations=6 (full 0):
 PSYoungGen      total 149504K, used 7557K [0x00000000d7180000, 0x00000000e1980000, 0x0000000100000000)
  eden space 126976K, 0% used [0x00000000d7180000,0x00000000d7180000,0x00000000ded80000)
  from space 22528K, 33% used [0x00000000e0380000,0x00000000e0ae1638,0x00000000e1980000)
  to   space 22528K, 0% used [0x00000000ded80000,0x00000000ded80000,0x00000000e0380000)
 ParOldGen       total 84992K, used 43457K [0x0000000085400000, 0x000000008a700000, 0x00000000d7180000)
  object space 84992K, 51% used [0x0000000085400000,0x0000000087e707b8,0x000000008a700000)
 Metaspace       used 12410K, capacity 12696K, committed 12800K, reserved 1060864K
  class space    used 1468K, capacity 1530K, committed 1536K, reserved 1048576K
}
Event: 1.234 GC heap before
{Heap before GC invocations=7 (full 0):
 PSYoungGen      total 149504K, used 134533K [0x00000000d7180000, 0x00000000e1980000, 0x0000000100000000)
  eden space 126976K, 100% used [0x00000000d7180000,0x00000000ded80000,0x00000000ded80000)
  from space 22528K, 33% used [0x00000000e0380000,0x00000000e0ae1638,0x00000000e1980000)
  to   space 22528K, 0% used [0x00000000ded80000,0x00000000ded80000,0x00000000e0380000)
 ParOldGen       total 84992K, used 43457K [0x0000000085400000, 0x000000008a700000, 0x00000000d7180000)
  object space 84992K, 51% used [0x0000000085400000,0x0000000087e707b8,0x000000008a700000)
 Metaspace       used 12412K, capacity 12696K, committed 12800K, reserved 1060864K
  class space    used 1468K, capacity 1530K, committed 1536K, reserved 1048576K
Event: 1.248 GC heap after
Heap after GC invocations=7 (full 0):
 PSYoungGen      total 149504K, used 11005K [0x00000000d7180000, 0x00000000e9480000, 0x0000000100000000)
  eden space 126976K, 0% used [0x00000000d7180000,0x00000000d7180000,0x00000000ded80000)
  from space 22528K, 48% used [0x00000000ded80000,0x00000000df83f540,0x00000000e0380000)
  to   space 22016K, 0% used [0x00000000e7f00000,0x00000000e7f00000,0x00000000e9480000)
 ParOldGen       total 84992K, used 45124K [0x0000000085400000, 0x000000008a700000, 0x00000000d7180000)
  object space 84992K, 53% used [0x0000000085400000,0x00000000880111e8,0x000000008a700000)
 Metaspace       used 12412K, capacity 12696K, committed 12800K, reserved 1060864K
  class space    used 1468K, capacity 1530K, committed 1536K, reserved 1048576K
}
Event: 1.329 GC heap before
{Heap before GC invocations=8 (full 0):
 PSYoungGen      total 149504K, used 137981K [0x00000000d7180000, 0x00000000e9480000, 0x0000000100000000)
  eden space 126976K, 100% used [0x00000000d7180000,0x00000000ded80000,0x00000000ded80000)
  from space 22528K, 48% used [0x00000000ded80000,0x00000000df83f540,0x00000000e0380000)
  to   space 22016K, 0% used [0x00000000e7f00000,0x00000000e7f00000,0x00000000e9480000)
 ParOldGen       total 84992K, used 45124K [0x0000000085400000, 0x000000008a700000, 0x00000000d7180000)
  object space 84992K, 53% used [0x0000000085400000,0x00000000880111e8,0x000000008a700000)
 Metaspace       used 12412K, capacity 12696K, committed 12800K, reserved 1060864K
  class space    used 1468K, capacity 1530K, committed 1536K, reserved 1048576K
Event: 1.346 GC heap after
Heap after GC invocations=8 (full 0):
 PSYoungGen      total 274432K, used 18989K [0x00000000d7180000, 0x00000000e9780000, 0x0000000100000000)
  eden space 252416K, 0% used [0x00000000d7180000,0x00000000d7180000,0x00000000e6800000)
  from space 22016K, 86% used [0x00000000e7f00000,0x00000000e918b4f0,0x00000000e9480000)
  to   space 23552K, 0% used [0x00000000e6800000,0x00000000e6800000,0x00000000e7f00000)
 ParOldGen       total 84992K, used 45364K [0x0000000085400000, 0x000000008a700000, 0x00000000d7180000)
  object space 84992K, 53% used [0x0000000085400000,0x000000008804d248,0x000000008a700000)
 Metaspace       used 12412K, capacity 12696K, committed 12800K, reserved 1060864K
  class space    used 1468K, capacity 1530K, committed 1536K, reserved 1048576K
}
Event: 1.544 GC heap before
{Heap before GC invocations=9 (full 0):
 PSYoungGen      total 274432K, used 271405K [0x00000000d7180000, 0x00000000e9780000, 0x0000000100000000)
  eden space 252416K, 100% used [0x00000000d7180000,0x00000000e6800000,0x00000000e6800000)
  from space 22016K, 86% used [0x00000000e7f00000,0x00000000e918b4f0,0x00000000e9480000)
  to   space 23552K, 0% used [0x00000000e6800000,0x00000000e6800000,0x00000000e7f00000)
 ParOldGen       total 84992K, used 45364K [0x0000000085400000, 0x000000008a700000, 0x00000000d7180000)
  object space 84992K, 53% used [0x0000000085400000,0x000000008804d248,0x000000008a700000)
 Metaspace       used 12412K, capacity 12696K, committed 12800K, reserved 1060864K
  class space    used 1468K, capacity 1530K, committed 1536K, reserved 1048576K
Event: 1.552 GC heap after
Heap after GC invocations=9 (full 0):
 PSYoungGen      total 275968K, used 11984K [0x00000000d7180000, 0x00000000f2800000, 0x0000000100000000)
  eden space 252416K, 0% used [0x00000000d7180000,0x00000000d7180000,0x00000000e6800000)
  from space 23552K, 50% used [0x00000000e6800000,0x00000000e73b4020,0x00000000e7f00000)
  to   space 22528K, 0% used [0x00000000f1200000,0x00000000f1200000,0x00000000f2800000)
 ParOldGen       total 84992K, used 52409K [0x0000000085400000, 0x000000008a700000, 0x00000000d7180000)
  object space 84992K, 61% used [0x0000000085400000,0x000000008872e718,0x000000008a700000)
 Metaspace       used 12412K, capacity 12696K, committed 12800K, reserved 1060864K
  class space    used 1468K, capacity 1530K, committed 1536K, reserved 1048576K
}
Event: 1.678 GC heap before
{Heap before GC invocations=10 (full 0):
 PSYoungGen      total 275968K, used 264400K [0x00000000d7180000, 0x00000000f2800000, 0x0000000100000000)
  eden space 252416K, 100% used [0x00000000d7180000,0x00000000e6800000,0x00000000e6800000)
  from space 23552K, 50% used [0x00000000e6800000,0x00000000e73b4020,0x00000000e7f00000)
  to   space 22528K, 0% used [0x00000000f1200000,0x00000000f1200000,0x00000000f2800000)
 ParOldGen       total 84992K, used 52409K [0x0000000085400000, 0x000000008a700000, 0x00000000d7180000)
  object space 84992K, 61% used [0x0000000085400000,0x000000008872e718,0x000000008a700000)
 Metaspace       used 12412K, capacity 12696K, committed 12800K, reserved 1060864K
  class space    used 1468K, capacity 1530K, committed 1536K, reserved 1048576K
Event: 1.693 GC heap after
Heap after GC invocations=10 (full 0):
 PSYoungGen      total 424960K, used 416K [0x00000000d7180000, 0x00000000f2b00000, 0x0000000100000000)
  eden space 402432K, 0% used [0x00000000d7180000,0x00000000d7180000,0x00000000efa80000)
  from space 22528K, 1% used [0x00000000f1200000,0x00000000f1268000,0x00000000f2800000)
  to   space 24064K, 0% used [0x00000000efa80000,0x00000000efa80000,0x00000000f1200000)
 ParOldGen       total 84992K, used 64337K [0x0000000085400000, 0x000000008a700000, 0x00000000d7180000)
  object space 84992K, 75% used [0x0000000085400000,0x00000000892d4768,0x000000008a700000)
 Metaspace       used 12412K, capacity 12696K, committed 12800K, reserved 1060864K
  class space    used 1468K, capacity 1530K, committed 1536K, reserved 1048576K
}
Event: 1.935 GC heap before
{Heap before GC invocations=11 (full 0):
 PSYoungGen      total 424960K, used 402848K [0x00000000d7180000, 0x00000000f2b00000, 0x0000000100000000)
  eden space 402432K, 100% used [0x00000000d7180000,0x00000000efa80000,0x00000000efa80000)
  from space 22528K, 1% used [0x00000000f1200000,0x00000000f1268000,0x00000000f2800000)
  to   space 24064K, 0% used [0x00000000efa80000,0x00000000efa80000,0x00000000f1200000)
 ParOldGen       total 84992K, used 64337K [0x0000000085400000, 0x000000008a700000, 0x00000000d7180000)
  object space 84992K, 75% used [0x0000000085400000,0x00000000892d4768,0x000000008a700000)
 Metaspace       used 12412K, capacity 12696K, committed 12800K, reserved 1060864K
  class space    used 1468K, capacity 1530K, committed 1536K, reserved 1048576K

