# JRE version: OpenJDK Runtime Environment (8.0_121-b13) (build 1.8.0_121-b13)
# Java VM: OpenJDK 64-Bit Server VM (25.121-b13 mixed mode linux-amd64 compressed oops)
Heap:
 PSYoungGen      total 428544K, used 256K [0x00000000d7180000, 0x00000000f2d80000, 0x0000000100000000)
  eden space 403968K, 0% used [0x00000000d7180000,0x00000000d7180000,0x00000000efc00000)
  from space 24576K, 1% used [0x00000000efc00000,0x00000000efc40000,0x00000000f1400000)
  to   space 23040K, 0% used [0x00000000f1400000,0x00000000f1400000,0x00000000f2a80000)
 ParOldGen       total 84992K, used 66754K [0x0000000085400000, 0x000000008a700000, 0x00000000d7180000)
  object space 84992K, 78% used [0x0000000085400000,0x0000000089530b78,0x000000008a700000)
 Metaspace       used 12413K, capacity 12696K, committed 12800K, reserved 1060864K
  class space    used 1468K, capacity 1530K, committed 1536K, reserved 1048576K
GC Heap History (10 events):
Event: 1.157 GC heap after
Heap after GC invocations=6 (full 0):
 PSYoungGen      total 151040K, used 7614K [0x00000000d7180000, 0x00000000e1c80000, 0x0000000100000000)
  eden space 126976K, 0% used [0x00000000d7180000,0x00000000d7180000,0x00000000ded80000)
  from space 24064K, 31% used [0x00000000e0500000,0x00000000e0c6fb18,0x00000000e1c80000)
  to   space 24064K, 0% used [0x00000000ded80000,0x00000000ded80000,0x00000000e0500000)
 ParOldGen       total 84992K, used 45542K [0x0000000085400000, 0x000000008a700000, 0x00000000d7180000)
  object space 84992K, 53% used [0x0000000085400000,0x0000000088079a50,0x000000008a700000)
 Metaspace       used 12411K, capacity 12696K, committed 12800K, reserved 1060864K
  class space    used 1468K, capacity 1530K, committed 1536K, reserved 1048576K
}
Event: 1.332 GC heap before
{Heap before GC invocations=7 (full 0):
 PSYoungGen      total 151040K, used 134590K [0x00000000d7180000, 0x00000000e1c80000, 0x0000000100000000)
  eden space 126976K, 100% used [0x00000000d7180000,0x00000000ded80000,0x00000000ded80000)
  from space 24064K, 31% used [0x00000000e0500000,0x00000000e0c6fb18,0x00000000e1c80000)
  to   space 24064K, 0% used [0x00000000ded80000,0x00000000ded80000,0x00000000e0500000)
 ParOldGen       total 84992K, used 45542K [0x0000000085400000, 0x000000008a700000, 0x00000000d7180000)
  object space 84992K, 53% used [0x0000000085400000,0x0000000088079a50,0x000000008a700000)
 Metaspace       used 12412K, capacity 12696K, committed 12800K, reserved 1060864K
  class space    used 1468K, capacity 1530K, committed 1536K, reserved 1048576K
Event: 1.344 GC heap after
Heap after GC invocations=7 (full 0):
 PSYoungGen      total 151040K, used 9774K [0x00000000d7180000, 0x00000000e9780000, 0x0000000100000000)
  eden space 126976K, 0% used [0x00000000d7180000,0x00000000d7180000,0x00000000ded80000)
  from space 24064K, 40% used [0x00000000ded80000,0x00000000df70bad8,0x00000000e0500000)
  to   space 23552K, 0% used [0x00000000e8080000,0x00000000e8080000,0x00000000e9780000)
 ParOldGen       total 84992K, used 47021K [0x0000000085400000, 0x000000008a700000, 0x00000000d7180000)
  object space 84992K, 55% used [0x0000000085400000,0x00000000881eb5f8,0x000000008a700000)
 Metaspace       used 12412K, capacity 12696K, committed 12800K, reserved 1060864K
  class space    used 1468K, capacity 1530K, committed 1536K, reserved 1048576K
}
Event: 1.436 GC heap before
{Heap before GC invocations=8 (full 0):
 PSYoungGen      total 151040K, used 136750K [0x00000000d7180000, 0x00000000e9780000, 0x0000000100000000)
  eden space 126976K, 100% used [0x00000000d7180000,0x00000000ded80000,0x00000000ded80000)
  from space 24064K, 40% used [0x00000000ded80000,0x00000000df70bad8,0x00000000e0500000)
  to   space 23552K, 0% used [0x00000000e8080000,0x00000000e8080000,0x00000000e9780000)
 ParOldGen       total 84992K, used 47021K [0x0000000085400000, 0x000000008a700000, 0x00000000d7180000)
  object space 84992K, 55% used [0x0000000085400000,0x00000000881eb5f8,0x000000008a700000)
 Metaspace       used 12412K, capacity 12696K, committed 12800K, reserved 1060864K
  class space    used 1468K, capacity 1530K, committed 1536K, reserved 1048576K
Event: 1.452 GC heap after
Heap after GC invocations=8 (full 0):
 PSYoungGen      total 276992K, used 17469K [0x00000000d7180000, 0x00000000e9880000, 0x0000000100000000)
  eden space 253440K, 0% used [0x00000000d7180000,0x00000000d7180000,0x00000000e6900000)
  from space 23552K, 74% used [0x00000000e8080000,0x00000000e918f500,0x00000000e9780000)
  to   space 24064K, 0% used [0x00000000e6900000,0x00000000e6900000,0x00000000e8080000)
 ParOldGen       total 84992K, used 48949K [0x0000000085400000, 0x000000008a700000, 0x00000000d7180000)
  object space 84992K, 57% used [0x0000000085400000,0x00000000883cd658,0x000000008a700000)
 Metaspace       used 12412K, capacity 12696K, committed 12800K, reserved 1060864K
  class space    used 1468K, capacity 1530K, committed 1536K, reserved 1048576K
}
Event: 1.650 GC heap before
{Heap before GC invocations=9 (full 0):
 PSYoungGen      total 276992K, used 270909K [0x00000000d7180000, 0x00000000e9880000, 0x0000000100000000)
  eden space 253440K, 100% used [0x00000000d7180000,0x00000000e6900000,0x00000000e6900000)
  from space 23552K, 74% used [0x00000000e8080000,0x00000000e918f500,0x00000000e9780000)
  to   space 24064K, 0% used [0x00000000e6900000,0x00000000e6900000,0x00000000e8080000)
 ParOldGen       total 84992K, used 48949K [0x0000000085400000, 0x000000008a700000, 0x00000000d7180000)
  object space 84992K, 57% used [0x0000000085400000,0x00000000883cd658,0x000000008a700000)
 Metaspace       used 12413K, capacity 12696K, committed 12800K, reserved 1060864K
  class space    used 1468K, capacity 1530K, committed 1536K, reserved 1048576K
Event: 1.660 GC heap after
Heap after GC invocations=9 (full 0):
 PSYoungGen      total 277504K, used 11936K [0x00000000d7180000, 0x00000000f2a80000, 0x0000000100000000)
  eden space 253440K, 0% used [0x00000000d7180000,0x00000000d7180000,0x00000000e6900000)
  from space 24064K, 49% used [0x00000000e6900000,0x00000000e74a8010,0x00000000e8080000)
  to   space 23040K, 0% used [0x00000000f1400000,0x00000000f1400000,0x00000000f2a80000)
 ParOldGen       total 84992K, used 54506K [0x0000000085400000, 0x000000008a700000, 0x00000000d7180000)
  object space 84992K, 64% used [0x0000000085400000,0x000000008893ab28,0x000000008a700000)
 Metaspace       used 12413K, capacity 12696K, committed 12800K, reserved 1060864K
  class space    used 1468K, capacity 1530K, committed 1536K, reserved 1048576K
}
Event: 1.798 GC heap before
{Heap before GC invocations=10 (full 0):
 PSYoungGen      total 277504K, used 265376K [0x00000000d7180000, 0x00000000f2a80000, 0x0000000100000000)
  eden space 253440K, 100% used [0x00000000d7180000,0x00000000e6900000,0x00000000e6900000)
  from space 24064K, 49% used [0x00000000e6900000,0x00000000e74a8010,0x00000000e8080000)
  to   space 23040K, 0% used [0x00000000f1400000,0x00000000f1400000,0x00000000f2a80000)
 ParOldGen       total 84992K, used 54506K [0x0000000085400000, 0x000000008a700000, 0x00000000d7180000)
  object space 84992K, 64% used [0x0000000085400000,0x000000008893ab28,0x000000008a700000)
 Metaspace       used 12413K, capacity 12696K, committed 12800K, reserved 1060864K
  class space    used 1468K, capacity 1530K, committed 1536K, reserved 1048576K
Event: 1.806 GC heap after
Heap after GC invocations=10 (full 0):
 PSYoungGen      total 427008K, used 416K [0x00000000d7180000, 0x00000000f2d80000, 0x0000000100000000)
  eden space 403968K, 0% used [0x00000000d7180000,0x00000000d7180000,0x00000000efc00000)
  from space 23040K, 1% used [0x00000000f1400000,0x00000000f1468000,0x00000000f2a80000)
  to   space 24576K, 0% used [0x00000000efc00000,0x00000000efc00000,0x00000000f1400000)
 ParOldGen       total 84992K, used 66450K [0x0000000085400000, 0x000000008a700000, 0x00000000d7180000)
  object space 84992K, 78% used [0x0000000085400000,0x00000000894e4b78,0x000000008a700000)
 Metaspace       used 12413K, capacity 12696K, committed 12800K, reserved 1060864K
  class space    used 1468K, capacity 1530K, committed 1536K, reserved 1048576K
}
Event: 2.059 GC heap before
{Heap before GC invocations=11 (full 0):
 PSYoungGen      total 427008K, used 404384K [0x00000000d7180000, 0x00000000f2d80000, 0x0000000100000000)
  eden space 403968K, 100% used [0x00000000d7180000,0x00000000efc00000,0x00000000efc00000)
  from space 23040K, 1% used [0x00000000f1400000,0x00000000f1468000,0x00000000f2a80000)
  to   space 24576K, 0% used [0x00000000efc00000,0x00000000efc00000,0x00000000f1400000)
 ParOldGen       total 84992K, used 66450K [0x0000000085400000, 0x000000008a700000, 0x00000000d7180000)
  object space 84992K, 78% used [0x0000000085400000,0x00000000894e4b78,0x000000008a700000)
 Metaspace       used 12413K, capacity 12696K, committed 12800K, reserved 1060864K
  class space    used 1468K, capacity 1530K, committed 1536K, reserved 1048576K

