# JRE version: OpenJDK Runtime Environment (8.0_121-b13) (build 1.8.0_121-b13)
# Java VM: OpenJDK 64-Bit Server VM (25.121-b13 mixed mode linux-amd64 compressed oops)
Heap:
 PSYoungGen      total 429568K, used 224K [0x00000000d7180000, 0x00000000f2d80000, 0x0000000100000000)
  eden space 405504K, 0% used [0x00000000d7180000,0x00000000d7180000,0x00000000efd80000)
  from space 24064K, 0% used [0x00000000efd80000,0x00000000efdb8000,0x00000000f1500000)
  to   space 23040K, 0% used [0x00000000f1500000,0x00000000f1500000,0x00000000f2b80000)
 ParOldGen       total 123904K, used 60349K [0x0000000085400000, 0x000000008cd00000, 0x00000000d7180000)
  object space 123904K, 48% used [0x0000000085400000,0x0000000088eef740,0x000000008cd00000)
 Metaspace       used 12374K, capacity 12632K, committed 12800K, reserved 1060864K
  class space    used 1466K, capacity 1530K, committed 1536K, reserved 1048576K
GC Heap History (10 events):
Event: 1.259 GC heap after
Heap after GC invocations=7 (full 0):
 PSYoungGen      total 151552K, used 9518K [0x00000000d7180000, 0x00000000e9880000, 0x0000000100000000)
  eden space 126976K, 0% used [0x00000000d7180000,0x00000000d7180000,0x00000000ded80000)
  from space 24576K, 38% used [0x00000000ded80000,0x00000000df6cbad8,0x00000000e0580000)
  to   space 24064K, 0% used [0x00000000e8100000,0x00000000e8100000,0x00000000e9880000)
 ParOldGen       total 84992K, used 47574K [0x0000000085400000, 0x000000008a700000, 0x00000000d7180000)
  object space 84992K, 55% used [0x0000000085400000,0x0000000088275bc8,0x000000008a700000)
 Metaspace       used 12374K, capacity 12632K, committed 12800K, reserved 1060864K
  class space    used 1466K, capacity 1530K, committed 1536K, reserved 1048576K
}
Event: 1.348 GC heap before
{Heap before GC invocations=8 (full 0):
 PSYoungGen      total 151552K, used 136494K [0x00000000d7180000, 0x00000000e9880000, 0x0000000100000000)
  eden space 126976K, 100% used [0x00000000d7180000,0x00000000ded80000,0x00000000ded80000)
  from space 24576K, 38% used [0x00000000ded80000,0x00000000df6cbad8,0x00000000e0580000)
  to   space 24064K, 0% used [0x00000000e8100000,0x00000000e8100000,0x00000000e9880000)
 ParOldGen       total 84992K, used 47574K [0x0000000085400000, 0x000000008a700000, 0x00000000d7180000)
  object space 84992K, 55% used [0x0000000085400000,0x0000000088275bc8,0x000000008a700000)
 Metaspace       used 12374K, capacity 12632K, committed 12800K, reserved 1060864K
  class space    used 1466K, capacity 1530K, committed 1536K, reserved 1048576K
Event: 1.363 GC heap after
Heap after GC invocations=8 (full 0):
 PSYoungGen      total 278016K, used 15726K [0x00000000d7180000, 0x00000000e9880000, 0x0000000100000000)
  eden space 253952K, 0% used [0x00000000d7180000,0x00000000d7180000,0x00000000e6980000)
  from space 24064K, 65% used [0x00000000e8100000,0x00000000e905ba78,0x00000000e9880000)
  to   space 24064K, 0% used [0x00000000e6980000,0x00000000e6980000,0x00000000e8100000)
 ParOldGen       total 84992K, used 49239K [0x0000000085400000, 0x000000008a700000, 0x00000000d7180000)
  object space 84992K, 57% used [0x0000000085400000,0x0000000088415c28,0x000000008a700000)
 Metaspace       used 12374K, capacity 12632K, committed 12800K, reserved 1060864K
  class space    used 1466K, capacity 1530K, committed 1536K, reserved 1048576K
}
Event: 1.558 GC heap before
{Heap before GC invocations=9 (full 0):
 PSYoungGen      total 278016K, used 269678K [0x00000000d7180000, 0x00000000e9880000, 0x0000000100000000)
  eden space 253952K, 100% used [0x00000000d7180000,0x00000000e6980000,0x00000000e6980000)
  from space 24064K, 65% used [0x00000000e8100000,0x00000000e905ba78,0x00000000e9880000)
  to   space 24064K, 0% used [0x00000000e6980000,0x00000000e6980000,0x00000000e8100000)
 ParOldGen       total 84992K, used 49239K [0x0000000085400000, 0x000000008a700000, 0x00000000d7180000)
  object space 84992K, 57% used [0x0000000085400000,0x0000000088415c28,0x000000008a700000)
 Metaspace       used 12374K, capacity 12632K, committed 12800K, reserved 1060864K
  class space    used 1466K, capacity 1530K, committed 1536K, reserved 1048576K
Event: 1.572 GC heap after
Heap after GC invocations=9 (full 0):
 PSYoungGen      total 278016K, used 11984K [0x00000000d7180000, 0x00000000f2b80000, 0x0000000100000000)
  eden space 253952K, 0% used [0x00000000d7180000,0x00000000d7180000,0x00000000e6980000)
  from space 24064K, 49% used [0x00000000e6980000,0x00000000e7534020,0x00000000e8100000)
  to   space 23040K, 0% used [0x00000000f1500000,0x00000000f1500000,0x00000000f2b80000)
 ParOldGen       total 84992K, used 54444K [0x0000000085400000, 0x000000008a700000, 0x00000000d7180000)
  object space 84992K, 64% used [0x0000000085400000,0x000000008892b0f8,0x000000008a700000)
 Metaspace       used 12374K, capacity 12632K, committed 12800K, reserved 1060864K
  class space    used 1466K, capacity 1530K, committed 1536K, reserved 1048576K
}
Event: 1.705 GC heap before
{Heap before GC invocations=10 (full 0):
 PSYoungGen      total 278016K, used 265936K [0x00000000d7180000, 0x00000000f2b80000, 0x0000000100000000)
  eden space 253952K, 100% used [0x00000000d7180000,0x00000000e6980000,0x00000000e6980000)
  from space 24064K, 49% used [0x00000000e6980000,0x00000000e7534020,0x00000000e8100000)
  to   space 23040K, 0% used [0x00000000f1500000,0x00000000f1500000,0x00000000f2b80000)
 ParOldGen       total 84992K, used 54444K [0x0000000085400000, 0x000000008a700000, 0x00000000d7180000)
  object space 84992K, 64% used [0x0000000085400000,0x000000008892b0f8,0x000000008a700000)
 Metaspace       used 12374K, capacity 12632K, committed 12800K, reserved 1060864K
  class space    used 1466K, capacity 1530K, committed 1536K, reserved 1048576K
Event: 1.725 GC heap after
Heap after GC invocations=10 (full 0):
 PSYoungGen      total 428544K, used 416K [0x00000000d7180000, 0x00000000f2d80000, 0x0000000100000000)
  eden space 405504K, 0% used [0x00000000d7180000,0x00000000d7180000,0x00000000efd80000)
  from space 23040K, 1% used [0x00000000f1500000,0x00000000f1568000,0x00000000f2b80000)
  to   space 24064K, 0% used [0x00000000efd80000,0x00000000efd80000,0x00000000f1500000)
 ParOldGen       total 84992K, used 66380K [0x0000000085400000, 0x000000008a700000, 0x00000000d7180000)
  object space 84992K, 78% used [0x0000000085400000,0x00000000894d3148,0x000000008a700000)
 Metaspace       used 12374K, capacity 12632K, committed 12800K, reserved 1060864K
  class space    used 1466K, capacity 1530K, committed 1536K, reserved 1048576K
}
Event: 1.725 GC heap before
{Heap before GC invocations=11 (full 1):
 PSYoungGen      total 428544K, used 416K [0x00000000d7180000, 0x00000000f2d80000, 0x0000000100000000)
  eden space 405504K, 0% used [0x00000000d7180000,0x00000000d7180000,0x00000000efd80000)
  from space 23040K, 1% used [0x00000000f1500000,0x00000000f1568000,0x00000000f2b80000)
  to   space 24064K, 0% used [0x00000000efd80000,0x00000000efd80000,0x00000000f1500000)
 ParOldGen       total 84992K, used 66380K [0x0000000085400000, 0x000000008a700000, 0x00000000d7180000)
  object space 84992K, 78% used [0x0000000085400000,0x00000000894d3148,0x000000008a700000)
 Metaspace       used 12374K, capacity 12632K, committed 12800K, reserved 1060864K
  class space    used 1466K, capacity 1530K, committed 1536K, reserved 1048576K
Event: 1.862 GC heap after
Heap after GC invocations=11 (full 1):
 PSYoungGen      total 428544K, used 0K [0x00000000d7180000, 0x00000000f2d80000, 0x0000000100000000)
  eden space 405504K, 0% used [0x00000000d7180000,0x00000000d7180000,0x00000000efd80000)
  from space 23040K, 0% used [0x00000000f1500000,0x00000000f1500000,0x00000000f2b80000)
  to   space 24064K, 0% used [0x00000000efd80000,0x00000000efd80000,0x00000000f1500000)
 ParOldGen       total 123904K, used 60349K [0x0000000085400000, 0x000000008cd00000, 0x00000000d7180000)
  object space 123904K, 48% used [0x0000000085400000,0x0000000088eef740,0x000000008cd00000)
 Metaspace       used 12374K, capacity 12632K, committed 12800K, reserved 1060864K
  class space    used 1466K, capacity 1530K, committed 1536K, reserved 1048576K
}
Event: 2.115 GC heap before
{Heap before GC invocations=12 (full 1):
 PSYoungGen      total 428544K, used 405504K [0x00000000d7180000, 0x00000000f2d80000, 0x0000000100000000)
  eden space 405504K, 100% used [0x00000000d7180000,0x00000000efd80000,0x00000000efd80000)
  from space 23040K, 0% used [0x00000000f1500000,0x00000000f1500000,0x00000000f2b80000)
  to   space 24064K, 0% used [0x00000000efd80000,0x00000000efd80000,0x00000000f1500000)
 ParOldGen       total 123904K, used 60349K [0x0000000085400000, 0x000000008cd00000, 0x00000000d7180000)
  object space 123904K, 48% used [0x0000000085400000,0x0000000088eef740,0x000000008cd00000)
 Metaspace       used 12374K, capacity 12632K, committed 12800K, reserved 1060864K
  class space    used 1466K, capacity 1530K, committed 1536K, reserved 1048576K

