# JRE version: OpenJDK Runtime Environment (8.0_121-b13) (build 1.8.0_121-b13)
# Java VM: OpenJDK 64-Bit Server VM (25.121-b13 mixed mode linux-amd64 compressed oops)
Heap:
 PSYoungGen      total 281088K, used 14830K [0x00000000d7180000, 0x00000000e9e80000, 0x0000000100000000)
  eden space 253952K, 0% used [0x00000000d7180000,0x00000000d7180000,0x00000000e6980000)
  from space 27136K, 54% used [0x00000000e6980000,0x00000000e77fbaf8,0x00000000e8400000)
  to   space 25600K, 0% used [0x00000000e8580000,0x00000000e8580000,0x00000000e9e80000)
 ParOldGen       total 84992K, used 50107K [0x0000000085400000, 0x000000008a700000, 0x00000000d7180000)
  object space 84992K, 58% used [0x0000000085400000,0x00000000884eec68,0x000000008a700000)
 Metaspace       used 12430K, capacity 12728K, committed 12928K, reserved 1060864K
  class space    used 1470K, capacity 1562K, committed 1664K, reserved 1048576K
GC Heap History (10 events):
Event: 0.626 GC heap after
Heap after GC invocations=2 (full 0):
 PSYoungGen      total 68608K, used 5109K [0x00000000d7180000, 0x00000000db980000, 0x0000000100000000)
  eden space 63488K, 0% used [0x00000000d7180000,0x00000000d7180000,0x00000000daf80000)
  from space 5120K, 99% used [0x00000000db480000,0x00000000db97d7e0,0x00000000db980000)
  to   space 5120K, 0% used [0x00000000daf80000,0x00000000daf80000,0x00000000db480000)
 ParOldGen       total 84992K, used 9260K [0x0000000085400000, 0x000000008a700000, 0x00000000d7180000)
  object space 84992K, 10% used [0x0000000085400000,0x0000000085d0b2a8,0x000000008a700000)
 Metaspace       used 11355K, capacity 11586K, committed 11776K, reserved 1058816K
  class space    used 1410K, capacity 1489K, committed 1536K, reserved 1048576K
}
Event: 0.781 GC heap before
{Heap before GC invocations=3 (full 0):
 PSYoungGen      total 68608K, used 68597K [0x00000000d7180000, 0x00000000db980000, 0x0000000100000000)
  eden space 63488K, 100% used [0x00000000d7180000,0x00000000daf80000,0x00000000daf80000)
  from space 5120K, 99% used [0x00000000db480000,0x00000000db97d7e0,0x00000000db980000)
  to   space 5120K, 0% used [0x00000000daf80000,0x00000000daf80000,0x00000000db480000)
 ParOldGen       total 84992K, used 9260K [0x0000000085400000, 0x000000008a700000, 0x00000000d7180000)
  object space 84992K, 10% used [0x0000000085400000,0x0000000085d0b2a8,0x000000008a700000)
 Metaspace       used 11820K, capacity 12060K, committed 12288K, reserved 1060864K
  class space    used 1430K, capacity 1496K, committed 1536K, reserved 1048576K
Event: 0.799 GC heap after
Heap after GC invocations=3 (full 0):
 PSYoungGen      total 68608K, used 5095K [0x00000000d7180000, 0x00000000df780000, 0x0000000100000000)
  eden space 63488K, 0% used [0x00000000d7180000,0x00000000d7180000,0x00000000daf80000)
  from space 5120K, 99% used [0x00000000daf80000,0x00000000db479da0,0x00000000db480000)
  to   space 5120K, 0% used [0x00000000df280000,0x00000000df280000,0x00000000df780000)
 ParOldGen       total 84992K, used 30504K [0x0000000085400000, 0x000000008a700000, 0x00000000d7180000)
  object space 84992K, 35% used [0x0000000085400000,0x00000000871ca3b0,0x000000008a700000)
 Metaspace       used 11820K, capacity 12060K, committed 12288K, reserved 1060864K
  class space    used 1430K, capacity 1496K, committed 1536K, reserved 1048576K
}
Event: 1.005 GC heap before
{Heap before GC invocations=4 (full 0):
 PSYoungGen      total 68608K, used 68583K [0x00000000d7180000, 0x00000000df780000, 0x0000000100000000)
  eden space 63488K, 100% used [0x00000000d7180000,0x00000000daf80000,0x00000000daf80000)
  from space 5120K, 99% used [0x00000000daf80000,0x00000000db479da0,0x00000000db480000)
  to   space 5120K, 0% used [0x00000000df280000,0x00000000df280000,0x00000000df780000)
 ParOldGen       total 84992K, used 30504K [0x0000000085400000, 0x000000008a700000, 0x00000000d7180000)
  object space 84992K, 35% used [0x0000000085400000,0x00000000871ca3b0,0x000000008a700000)
 Metaspace       used 12291K, capacity 12560K, committed 12800K, reserved 1060864K
  class space    used 1466K, capacity 1528K, committed 1536K, reserved 1048576K
Event: 1.027 GC heap after
Heap after GC invocations=4 (full 0):
 PSYoungGen      total 132096K, used 5114K [0x00000000d7180000, 0x00000000df780000, 0x0000000100000000)
  eden space 126976K, 0% used [0x00000000d7180000,0x00000000d7180000,0x00000000ded80000)
  from space 5120K, 99% used [0x00000000df280000,0x00000000df77e848,0x00000000df780000)
  to   space 5120K, 0% used [0x00000000ded80000,0x00000000ded80000,0x00000000df280000)
 ParOldGen       total 84992K, used 44169K [0x0000000085400000, 0x000000008a700000, 0x00000000d7180000)
  object space 84992K, 51% used [0x0000000085400000,0x0000000087f224d0,0x000000008a700000)
 Metaspace       used 12291K, capacity 12560K, committed 12800K, reserved 1060864K
  class space    used 1466K, capacity 1528K, committed 1536K, reserved 1048576K
}
Event: 1.302 GC heap before
{Heap before GC invocations=5 (full 0):
 PSYoungGen      total 132096K, used 132090K [0x00000000d7180000, 0x00000000df780000, 0x0000000100000000)
  eden space 126976K, 100% used [0x00000000d7180000,0x00000000ded80000,0x00000000ded80000)
  from space 5120K, 99% used [0x00000000df280000,0x00000000df77e848,0x00000000df780000)
  to   space 5120K, 0% used [0x00000000ded80000,0x00000000ded80000,0x00000000df280000)
 ParOldGen       total 84992K, used 44169K [0x0000000085400000, 0x000000008a700000, 0x00000000d7180000)
  object space 84992K, 51% used [0x0000000085400000,0x0000000087f224d0,0x000000008a700000)
 Metaspace       used 12415K, capacity 12696K, committed 12800K, reserved 1060864K
  class space    used 1468K, capacity 1530K, committed 1536K, reserved 1048576K
Event: 1.314 GC heap after
Heap after GC invocations=5 (full 0):
 PSYoungGen      total 132096K, used 5102K [0x00000000d7180000, 0x00000000ea180000, 0x0000000100000000)
  eden space 126976K, 0% used [0x00000000d7180000,0x00000000d7180000,0x00000000ded80000)
  from space 5120K, 99% used [0x00000000ded80000,0x00000000df27bb18,0x00000000df280000)
  to   space 28672K, 0% used [0x00000000e8580000,0x00000000e8580000,0x00000000ea180000)
 ParOldGen       total 84992K, used 48673K [0x0000000085400000, 0x000000008a700000, 0x00000000d7180000)
  object space 84992K, 57% used [0x0000000085400000,0x00000000883884d0,0x000000008a700000)
 Metaspace       used 12415K, capacity 12696K, committed 12800K, reserved 1060864K
  class space    used 1468K, capacity 1530K, committed 1536K, reserved 1048576K
}
Event: 1.417 GC heap before
{Heap before GC invocations=6 (full 0):
 PSYoungGen      total 132096K, used 132078K [0x00000000d7180000, 0x00000000ea180000, 0x0000000100000000)
  eden space 126976K, 100% used [0x00000000d7180000,0x00000000ded80000,0x00000000ded80000)
  from space 5120K, 99% used [0x00000000ded80000,0x00000000df27bb18,0x00000000df280000)
  to   space 28672K, 0% used [0x00000000e8580000,0x00000000e8580000,0x00000000ea180000)
 ParOldGen       total 84992K, used 48673K [0x0000000085400000, 0x000000008a700000, 0x00000000d7180000)
  object space 84992K, 57% used [0x0000000085400000,0x00000000883884d0,0x000000008a700000)
 Metaspace       used 12415K, capacity 12696K, committed 12800K, reserved 1060864K
  class space    used 1468K, capacity 1530K, committed 1536K, reserved 1048576K
Event: 1.444 GC heap after
Heap after GC invocations=6 (full 0):
 PSYoungGen      total 279552K, used 12094K [0x00000000d7180000, 0x00000000e9e80000, 0x0000000100000000)
  eden space 253952K, 0% used [0x00000000d7180000,0x00000000d7180000,0x00000000e6980000)
  from space 25600K, 47% used [0x00000000e8580000,0x00000000e914fb08,0x00000000e9e80000)
  to   space 27136K, 0% used [0x00000000e6980000,0x00000000e6980000,0x00000000e8400000)
 ParOldGen       total 84992K, used 48673K [0x0000000085400000, 0x000000008a700000, 0x00000000d7180000)
  object space 84992K, 57% used [0x0000000085400000,0x00000000883884d0,0x000000008a700000)
 Metaspace       used 12415K, capacity 12696K, committed 12800K, reserved 1060864K
  class space    used 1468K, capacity 1530K, committed 1536K, reserved 1048576K
}
Event: 1.651 GC heap before
{Heap before GC invocations=7 (full 0):
 PSYoungGen      total 279552K, used 266046K [0x00000000d7180000, 0x00000000e9e80000, 0x0000000100000000)
  eden space 253952K, 100% used [0x00000000d7180000,0x00000000e6980000,0x00000000e6980000)
  from space 25600K, 47% used [0x00000000e8580000,0x00000000e914fb08,0x00000000e9e80000)
  to   space 27136K, 0% used [0x00000000e6980000,0x00000000e6980000,0x00000000e8400000)
 ParOldGen       total 84992K, used 48673K [0x0000000085400000, 0x000000008a700000, 0x00000000d7180000)
  object space 84992K, 57% used [0x0000000085400000,0x00000000883884d0,0x000000008a700000)
 Metaspace       used 12430K, capacity 12728K, committed 12928K, reserved 1060864K
  class space    used 1470K, capacity 1562K, committed 1664K, reserved 1048576K

