# JRE version: OpenJDK Runtime Environment (8.0_121-b13) (build 1.8.0_121-b13)
# Java VM: OpenJDK 64-Bit Server VM (25.121-b13 mixed mode linux-amd64 compressed oops)
Heap:
 PSYoungGen      total 425472K, used 192K [0x00000000d7180000, 0x00000000f2980000, 0x0000000100000000)
  eden space 401408K, 0% used [0x00000000d7180000,0x00000000d7180000,0x00000000ef980000)
  from space 24064K, 0% used [0x00000000ef980000,0x00000000ef9b0000,0x00000000f1100000)
  to   space 23040K, 0% used [0x00000000f1100000,0x00000000f1100000,0x00000000f2780000)
 ParOldGen       total 84992K, used 64761K [0x0000000085400000, 0x000000008a700000, 0x00000000d7180000)
  object space 84992K, 76% used [0x0000000085400000,0x000000008933e468,0x000000008a700000)
 Metaspace       used 12347K, capacity 12568K, committed 12800K, reserved 1060864K
  class space    used 1468K, capacity 1530K, committed 1536K, reserved 1048576K
GC Heap History (10 events):
Event: 1.039 GC heap after
Heap after GC invocations=6 (full 0):
 PSYoungGen      total 148992K, used 7438K [0x00000000d7180000, 0x00000000e1a80000, 0x0000000100000000)
  eden space 126464K, 0% used [0x00000000d7180000,0x00000000d7180000,0x00000000ded00000)
  from space 22528K, 33% used [0x00000000e0380000,0x00000000e0ac3b08,0x00000000e1980000)
  to   space 23040K, 0% used [0x00000000ded00000,0x00000000ded00000,0x00000000e0380000)
 ParOldGen       total 84992K, used 43703K [0x0000000085400000, 0x000000008a700000, 0x00000000d7180000)
  object space 84992K, 51% used [0x0000000085400000,0x0000000087eadf50,0x000000008a700000)
 Metaspace       used 12345K, capacity 12568K, committed 12800K, reserved 1060864K
  class space    used 1468K, capacity 1530K, committed 1536K, reserved 1048576K
}
Event: 1.167 GC heap before
{Heap before GC invocations=7 (full 0):
 PSYoungGen      total 148992K, used 133902K [0x00000000d7180000, 0x00000000e1a80000, 0x0000000100000000)
  eden space 126464K, 100% used [0x00000000d7180000,0x00000000ded00000,0x00000000ded00000)
  from space 22528K, 33% used [0x00000000e0380000,0x00000000e0ac3b08,0x00000000e1980000)
  to   space 23040K, 0% used [0x00000000ded00000,0x00000000ded00000,0x00000000e0380000)
 ParOldGen       total 84992K, used 43703K [0x0000000085400000, 0x000000008a700000, 0x00000000d7180000)
  object space 84992K, 51% used [0x0000000085400000,0x0000000087eadf50,0x000000008a700000)
 Metaspace       used 12346K, capacity 12568K, committed 12800K, reserved 1060864K
  class space    used 1468K, capacity 1530K, committed 1536K, reserved 1048576K
Event: 1.180 GC heap after
Heap after GC invocations=7 (full 0):
 PSYoungGen      total 149504K, used 9806K [0x00000000d7180000, 0x00000000e9380000, 0x0000000100000000)
  eden space 126464K, 0% used [0x00000000d7180000,0x00000000d7180000,0x00000000ded00000)
  from space 23040K, 42% used [0x00000000ded00000,0x00000000df693ad8,0x00000000e0380000)
  to   space 22016K, 0% used [0x00000000e7e00000,0x00000000e7e00000,0x00000000e9380000)
 ParOldGen       total 84992K, used 45379K [0x0000000085400000, 0x000000008a700000, 0x00000000d7180000)
  object space 84992K, 53% used [0x0000000085400000,0x0000000088050f08,0x000000008a700000)
 Metaspace       used 12346K, capacity 12568K, committed 12800K, reserved 1060864K
  class space    used 1468K, capacity 1530K, committed 1536K, reserved 1048576K
}
Event: 1.273 GC heap before
{Heap before GC invocations=8 (full 0):
 PSYoungGen      total 149504K, used 136270K [0x00000000d7180000, 0x00000000e9380000, 0x0000000100000000)
  eden space 126464K, 100% used [0x00000000d7180000,0x00000000ded00000,0x00000000ded00000)
  from space 23040K, 42% used [0x00000000ded00000,0x00000000df693ad8,0x00000000e0380000)
  to   space 22016K, 0% used [0x00000000e7e00000,0x00000000e7e00000,0x00000000e9380000)
 ParOldGen       total 84992K, used 45379K [0x0000000085400000, 0x000000008a700000, 0x00000000d7180000)
  object space 84992K, 53% used [0x0000000085400000,0x0000000088050f08,0x000000008a700000)
 Metaspace       used 12346K, capacity 12568K, committed 12800K, reserved 1060864K
  class space    used 1468K, capacity 1530K, committed 1536K, reserved 1048576K
Event: 1.293 GC heap after
Heap after GC invocations=8 (full 0):
 PSYoungGen      total 273408K, used 18813K [0x00000000d7180000, 0x00000000e9680000, 0x0000000100000000)
  eden space 251392K, 0% used [0x00000000d7180000,0x00000000d7180000,0x00000000e6700000)
  from space 22016K, 85% used [0x00000000e7e00000,0x00000000e905f4e0,0x00000000e9380000)
  to   space 23552K, 0% used [0x00000000e6700000,0x00000000e6700000,0x00000000e7e00000)
 ParOldGen       total 84992K, used 45619K [0x0000000085400000, 0x000000008a700000, 0x00000000d7180000)
  object space 84992K, 53% used [0x0000000085400000,0x000000008808cf68,0x000000008a700000)
 Metaspace       used 12346K, capacity 12568K, committed 12800K, reserved 1060864K
  class space    used 1468K, capacity 1530K, committed 1536K, reserved 1048576K
}
Event: 1.471 GC heap before
{Heap before GC invocations=9 (full 0):
 PSYoungGen      total 273408K, used 270205K [0x00000000d7180000, 0x00000000e9680000, 0x0000000100000000)
  eden space 251392K, 100% used [0x00000000d7180000,0x00000000e6700000,0x00000000e6700000)
  from space 22016K, 85% used [0x00000000e7e00000,0x00000000e905f4e0,0x00000000e9380000)
  to   space 23552K, 0% used [0x00000000e6700000,0x00000000e6700000,0x00000000e7e00000)
 ParOldGen       total 84992K, used 45619K [0x0000000085400000, 0x000000008a700000, 0x00000000d7180000)
  object space 84992K, 53% used [0x0000000085400000,0x000000008808cf68,0x000000008a700000)
 Metaspace       used 12347K, capacity 12568K, committed 12800K, reserved 1060864K
  class space    used 1468K, capacity 1530K, committed 1536K, reserved 1048576K
Event: 1.482 GC heap after
Heap after GC invocations=9 (full 0):
 PSYoungGen      total 274944K, used 11984K [0x00000000d7180000, 0x00000000f2780000, 0x0000000100000000)
  eden space 251392K, 0% used [0x00000000d7180000,0x00000000d7180000,0x00000000e6700000)
  from space 23552K, 50% used [0x00000000e6700000,0x00000000e72b4020,0x00000000e7e00000)
  to   space 23040K, 0% used [0x00000000f1100000,0x00000000f1100000,0x00000000f2780000)
 ParOldGen       total 84992K, used 52529K [0x0000000085400000, 0x000000008a700000, 0x00000000d7180000)
  object space 84992K, 61% used [0x0000000085400000,0x000000008874c438,0x000000008a700000)
 Metaspace       used 12347K, capacity 12568K, committed 12800K, reserved 1060864K
  class space    used 1468K, capacity 1530K, committed 1536K, reserved 1048576K
}
Event: 1.610 GC heap before
{Heap before GC invocations=10 (full 0):
 PSYoungGen      total 274944K, used 263376K [0x00000000d7180000, 0x00000000f2780000, 0x0000000100000000)
  eden space 251392K, 100% used [0x00000000d7180000,0x00000000e6700000,0x00000000e6700000)
  from space 23552K, 50% used [0x00000000e6700000,0x00000000e72b4020,0x00000000e7e00000)
  to   space 23040K, 0% used [0x00000000f1100000,0x00000000f1100000,0x00000000f2780000)
 ParOldGen       total 84992K, used 52529K [0x0000000085400000, 0x000000008a700000, 0x00000000d7180000)
  object space 84992K, 61% used [0x0000000085400000,0x000000008874c438,0x000000008a700000)
 Metaspace       used 12347K, capacity 12568K, committed 12800K, reserved 1060864K
  class space    used 1468K, capacity 1530K, committed 1536K, reserved 1048576K
Event: 1.617 GC heap after
Heap after GC invocations=10 (full 0):
 PSYoungGen      total 424448K, used 480K [0x00000000d7180000, 0x00000000f2980000, 0x0000000100000000)
  eden space 401408K, 0% used [0x00000000d7180000,0x00000000d7180000,0x00000000ef980000)
  from space 23040K, 2% used [0x00000000f1100000,0x00000000f1178000,0x00000000f2780000)
  to   space 24064K, 0% used [0x00000000ef980000,0x00000000ef980000,0x00000000f1100000)
 ParOldGen       total 84992K, used 64465K [0x0000000085400000, 0x000000008a700000, 0x00000000d7180000)
  object space 84992K, 75% used [0x0000000085400000,0x00000000892f4468,0x000000008a700000)
 Metaspace       used 12347K, capacity 12568K, committed 12800K, reserved 1060864K
  class space    used 1468K, capacity 1530K, committed 1536K, reserved 1048576K
}
Event: 1.850 GC heap before
{Heap before GC invocations=11 (full 0):
 PSYoungGen      total 424448K, used 401888K [0x00000000d7180000, 0x00000000f2980000, 0x0000000100000000)
  eden space 401408K, 100% used [0x00000000d7180000,0x00000000ef980000,0x00000000ef980000)
  from space 23040K, 2% used [0x00000000f1100000,0x00000000f1178000,0x00000000f2780000)
  to   space 24064K, 0% used [0x00000000ef980000,0x00000000ef980000,0x00000000f1100000)
 ParOldGen       total 84992K, used 64465K [0x0000000085400000, 0x000000008a700000, 0x00000000d7180000)
  object space 84992K, 75% used [0x0000000085400000,0x00000000892f4468,0x000000008a700000)
 Metaspace       used 12347K, capacity 12568K, committed 12800K, reserved 1060864K
  class space    used 1468K, capacity 1530K, committed 1536K, reserved 1048576K

