# JRE version: OpenJDK Runtime Environment (8.0_121-b13) (build 1.8.0_121-b13)
# Java VM: OpenJDK 64-Bit Server VM (25.121-b13 mixed mode linux-amd64 compressed oops)
Heap:
 PSYoungGen      total 282112K, used 14382K [0x00000000d7180000, 0x00000000ea080000, 0x0000000100000000)
  eden space 253952K, 0% used [0x00000000d7180000,0x00000000d7180000,0x00000000e6980000)
  from space 28160K, 51% used [0x00000000e6980000,0x00000000e778baf8,0x00000000e8500000)
  to   space 26112K, 0% used [0x00000000e8700000,0x00000000e8700000,0x00000000ea080000)
 ParOldGen       total 84992K, used 50624K [0x0000000085400000, 0x000000008a700000, 0x00000000d7180000)
  object space 84992K, 59% used [0x0000000085400000,0x0000000088570118,0x000000008a700000)
 Metaspace       used 12506K, capacity 12798K, committed 13184K, reserved 1060864K
  class space    used 1480K, capacity 1563K, committed 1664K, reserved 1048576K
GC Heap History (10 events):
Event: 0.576 GC heap after
Heap after GC invocations=2 (full 0):
 PSYoungGen      total 68608K, used 5109K [0x00000000d7180000, 0x00000000db980000, 0x0000000100000000)
  eden space 63488K, 0% used [0x00000000d7180000,0x00000000d7180000,0x00000000daf80000)
  from space 5120K, 99% used [0x00000000db480000,0x00000000db97d7e0,0x00000000db980000)
  to   space 5120K, 0% used [0x00000000daf80000,0x00000000daf80000,0x00000000db480000)
 ParOldGen       total 84992K, used 9219K [0x0000000085400000, 0x000000008a700000, 0x00000000d7180000)
  object space 84992K, 10% used [0x0000000085400000,0x0000000085d00d60,0x000000008a700000)
 Metaspace       used 11374K, capacity 11650K, committed 11776K, reserved 1058816K
  class space    used 1411K, capacity 1489K, committed 1536K, reserved 1048576K
}
Event: 0.699 GC heap before
{Heap before GC invocations=3 (full 0):
 PSYoungGen      total 68608K, used 68597K [0x00000000d7180000, 0x00000000db980000, 0x0000000100000000)
  eden space 63488K, 100% used [0x00000000d7180000,0x00000000daf80000,0x00000000daf80000)
  from space 5120K, 99% used [0x00000000db480000,0x00000000db97d7e0,0x00000000db980000)
  to   space 5120K, 0% used [0x00000000daf80000,0x00000000daf80000,0x00000000db480000)
 ParOldGen       total 84992K, used 9219K [0x0000000085400000, 0x000000008a700000, 0x00000000d7180000)
  object space 84992K, 10% used [0x0000000085400000,0x0000000085d00d60,0x000000008a700000)
 Metaspace       used 11973K, capacity 12206K, committed 12544K, reserved 1060864K
  class space    used 1442K, capacity 1497K, committed 1536K, reserved 1048576K
Event: 0.720 GC heap after
Heap after GC invocations=3 (full 0):
 PSYoungGen      total 68608K, used 5102K [0x00000000d7180000, 0x00000000df780000, 0x0000000100000000)
  eden space 63488K, 0% used [0x00000000d7180000,0x00000000d7180000,0x00000000daf80000)
  from space 5120K, 99% used [0x00000000daf80000,0x00000000db47bb20,0x00000000db480000)
  to   space 5120K, 0% used [0x00000000df280000,0x00000000df280000,0x00000000df780000)
 ParOldGen       total 84992K, used 30016K [0x0000000085400000, 0x000000008a700000, 0x00000000d7180000)
  object space 84992K, 35% used [0x0000000085400000,0x0000000087150050,0x000000008a700000)
 Metaspace       used 11973K, capacity 12206K, committed 12544K, reserved 1060864K
  class space    used 1442K, capacity 1497K, committed 1536K, reserved 1048576K
}
Event: 0.874 GC heap before
{Heap before GC invocations=4 (full 0):
 PSYoungGen      total 68608K, used 68590K [0x00000000d7180000, 0x00000000df780000, 0x0000000100000000)
  eden space 63488K, 100% used [0x00000000d7180000,0x00000000daf80000,0x00000000daf80000)
  from space 5120K, 99% used [0x00000000daf80000,0x00000000db47bb20,0x00000000db480000)
  to   space 5120K, 0% used [0x00000000df280000,0x00000000df280000,0x00000000df780000)
 ParOldGen       total 84992K, used 30016K [0x0000000085400000, 0x000000008a700000, 0x00000000d7180000)
  object space 84992K, 35% used [0x0000000085400000,0x0000000087150050,0x000000008a700000)
 Metaspace       used 12377K, capacity 12662K, committed 12928K, reserved 1060864K
  class space    used 1479K, capacity 1561K, committed 1664K, reserved 1048576K
Event: 0.897 GC heap after
Heap after GC invocations=4 (full 0):
 PSYoungGen      total 132096K, used 5102K [0x00000000d7180000, 0x00000000df780000, 0x0000000100000000)
  eden space 126976K, 0% used [0x00000000d7180000,0x00000000d7180000,0x00000000ded80000)
  from space 5120K, 99% used [0x00000000df280000,0x00000000df77bbe8,0x00000000df780000)
  to   space 5120K, 0% used [0x00000000ded80000,0x00000000ded80000,0x00000000df280000)
 ParOldGen       total 84992K, used 45832K [0x0000000085400000, 0x000000008a700000, 0x00000000d7180000)
  object space 84992K, 53% used [0x0000000085400000,0x00000000880c2170,0x000000008a700000)
 Metaspace       used 12377K, capacity 12662K, committed 12928K, reserved 1060864K
  class space    used 1479K, capacity 1561K, committed 1664K, reserved 1048576K
}
Event: 1.195 GC heap before
{Heap before GC invocations=5 (full 0):
 PSYoungGen      total 132096K, used 132078K [0x00000000d7180000, 0x00000000df780000, 0x0000000100000000)
  eden space 126976K, 100% used [0x00000000d7180000,0x00000000ded80000,0x00000000ded80000)
  from space 5120K, 99% used [0x00000000df280000,0x00000000df77bbe8,0x00000000df780000)
  to   space 5120K, 0% used [0x00000000ded80000,0x00000000ded80000,0x00000000df280000)
 ParOldGen       total 84992K, used 45832K [0x0000000085400000, 0x000000008a700000, 0x00000000d7180000)
  object space 84992K, 53% used [0x0000000085400000,0x00000000880c2170,0x000000008a700000)
 Metaspace       used 12506K, capacity 12798K, committed 13184K, reserved 1060864K
  class space    used 1480K, capacity 1563K, committed 1664K, reserved 1048576K
Event: 1.208 GC heap after
Heap after GC invocations=5 (full 0):
 PSYoungGen      total 132096K, used 5102K [0x00000000d7180000, 0x00000000ea480000, 0x0000000100000000)
  eden space 126976K, 0% used [0x00000000d7180000,0x00000000d7180000,0x00000000ded80000)
  from space 5120K, 99% used [0x00000000ded80000,0x00000000df27bb18,0x00000000df280000)
  to   space 30208K, 0% used [0x00000000e8700000,0x00000000e8700000,0x00000000ea480000)
 ParOldGen       total 84992K, used 49088K [0x0000000085400000, 0x000000008a700000, 0x00000000d7180000)
  object space 84992K, 57% used [0x0000000085400000,0x00000000883f0170,0x000000008a700000)
 Metaspace       used 12506K, capacity 12798K, committed 13184K, reserved 1060864K
  class space    used 1480K, capacity 1563K, committed 1664K, reserved 1048576K
}
Event: 1.295 GC heap before
{Heap before GC invocations=6 (full 0):
 PSYoungGen      total 132096K, used 132078K [0x00000000d7180000, 0x00000000ea480000, 0x0000000100000000)
  eden space 126976K, 100% used [0x00000000d7180000,0x00000000ded80000,0x00000000ded80000)
  from space 5120K, 99% used [0x00000000ded80000,0x00000000df27bb18,0x00000000df280000)
  to   space 30208K, 0% used [0x00000000e8700000,0x00000000e8700000,0x00000000ea480000)
 ParOldGen       total 84992K, used 49088K [0x0000000085400000, 0x000000008a700000, 0x00000000d7180000)
  object space 84992K, 57% used [0x0000000085400000,0x00000000883f0170,0x000000008a700000)
 Metaspace       used 12506K, capacity 12798K, committed 13184K, reserved 1060864K
  class space    used 1480K, capacity 1563K, committed 1664K, reserved 1048576K
Event: 1.315 GC heap after
Heap after GC invocations=6 (full 0):
 PSYoungGen      total 280064K, used 12462K [0x00000000d7180000, 0x00000000ea080000, 0x0000000100000000)
  eden space 253952K, 0% used [0x00000000d7180000,0x00000000d7180000,0x00000000e6980000)
  from space 26112K, 47% used [0x00000000e8700000,0x00000000e932bb18,0x00000000ea080000)
  to   space 28160K, 0% used [0x00000000e6980000,0x00000000e6980000,0x00000000e8500000)
 ParOldGen       total 84992K, used 49088K [0x0000000085400000, 0x000000008a700000, 0x00000000d7180000)
  object space 84992K, 57% used [0x0000000085400000,0x00000000883f0170,0x000000008a700000)
 Metaspace       used 12506K, capacity 12798K, committed 13184K, reserved 1060864K
  class space    used 1480K, capacity 1563K, committed 1664K, reserved 1048576K
}
Event: 1.527 GC heap before
{Heap before GC invocations=7 (full 0):
 PSYoungGen      total 280064K, used 266414K [0x00000000d7180000, 0x00000000ea080000, 0x0000000100000000)
  eden space 253952K, 100% used [0x00000000d7180000,0x00000000e6980000,0x00000000e6980000)
  from space 26112K, 47% used [0x00000000e8700000,0x00000000e932bb18,0x00000000ea080000)
  to   space 28160K, 0% used [0x00000000e6980000,0x00000000e6980000,0x00000000e8500000)
 ParOldGen       total 84992K, used 49088K [0x0000000085400000, 0x000000008a700000, 0x00000000d7180000)
  object space 84992K, 57% used [0x0000000085400000,0x00000000883f0170,0x000000008a700000)
 Metaspace       used 12506K, capacity 12798K, committed 13184K, reserved 1060864K
  class space    used 1480K, capacity 1563K, committed 1664K, reserved 1048576K

